Log file open, 08/12/20 19:50:24
LogInit: Display: Running engine for game: KevFishingPrototype
LogPlatformFile: Not using cached read wrapper
LogTaskGraph: Started task graph with 5 named threads and 14 total threads with 3 sets of task threads.
LogStats: Stats thread started at 0.254638
LogD3D11RHI: Loaded GFSDK_Aftermath_Lib.x64.dll
LogICUInternationalization: ICU TimeZone Detection - Raw Offset: +1:00, Platform Override: ''
LogPluginManager: Mounting plugin Paper2D
LogPluginManager: Mounting plugin AISupport
LogPluginManager: Mounting plugin LightPropagationVolume
LogPluginManager: Mounting plugin CameraShakePreviewer
LogPluginManager: Mounting plugin ActorLayerUtilities
LogPluginManager: Mounting plugin AnimationSharing
LogPluginManager: Mounting plugin CLionSourceCodeAccess
LogPluginManager: Mounting plugin CodeLiteSourceCodeAccess
LogPluginManager: Mounting plugin GitSourceControl
LogPluginManager: Mounting plugin KDevelopSourceCodeAccess
LogPluginManager: Mounting plugin NullSourceCodeAccess
LogPluginManager: Mounting plugin PerforceSourceControl
LogPluginManager: Mounting plugin PlasticSourceControl
LogPluginManager: Mounting plugin RiderSourceCodeAccess
LogPluginManager: Mounting plugin SubversionSourceControl
LogPluginManager: Mounting plugin UObjectPlugin
LogPluginManager: Mounting plugin VisualStudioCodeSourceCodeAccess
LogPluginManager: Mounting plugin VisualStudioSourceCodeAccess
LogPluginManager: Mounting plugin XCodeSourceCodeAccess
LogPluginManager: Mounting plugin AssetManagerEditor
LogPluginManager: Mounting plugin CryptoKeys
LogPluginManager: Mounting plugin CurveEditorTools
LogPluginManager: Mounting plugin DataValidation
LogPluginManager: Mounting plugin EditorScriptingUtilities
LogPluginManager: Mounting plugin FacialAnimation
LogPluginManager: Mounting plugin GameplayTagsEditor
LogPluginManager: Mounting plugin GeometryMode
LogPluginManager: Mounting plugin MacGraphicsSwitching
LogPluginManager: Mounting plugin MaterialAnalyzer
LogPluginManager: Mounting plugin MobileLauncherProfileWizard
LogPluginManager: Mounting plugin PluginBrowser
LogPluginManager: Mounting plugin SpeedTreeImporter
LogPluginManager: Mounting plugin DatasmithContent
LogPluginManager: Mounting plugin VariantManagerContent
LogPluginManager: Mounting plugin AlembicImporter
LogPluginManager: Mounting plugin AutomationUtils
LogPluginManager: Mounting plugin BackChannel
LogPluginManager: Mounting plugin ChaosCloth
LogPluginManager: Mounting plugin ChaosClothEditor
LogPluginManager: Mounting plugin ChaosEditor
LogPluginManager: Mounting plugin ChaosNiagara
LogPluginManager: Mounting plugin ChaosSolverPlugin
LogPluginManager: Mounting plugin CharacterAI
LogPluginManager: Mounting plugin GeometryCache
LogPluginManager: Mounting plugin GeometryCollectionPlugin
LogPluginManager: Mounting plugin GeometryProcessing
LogPluginManager: Mounting plugin PlanarCut
LogPluginManager: Mounting plugin PlatformCrypto
LogPluginManager: Mounting plugin ProxyLODPlugin
LogPluginManager: Mounting plugin SkeletalReduction
LogPluginManager: Mounting plugin Niagara
LogPluginManager: Mounting plugin MagicLeap
LogPluginManager: Mounting plugin MagicLeapLightEstimation
LogPluginManager: Mounting plugin MagicLeapMedia
LogPluginManager: Mounting plugin MagicLeapPassableWorld
LogPluginManager: Mounting plugin MLSDK
LogPluginManager: Mounting plugin AndroidMedia
LogPluginManager: Mounting plugin AvfMedia
LogPluginManager: Mounting plugin ImgMedia
LogPluginManager: Mounting plugin MediaCompositing
LogPluginManager: Mounting plugin MediaPlayerEditor
LogPluginManager: Mounting plugin WebMMedia
LogPluginManager: Mounting plugin WmfMedia
LogPluginManager: Mounting plugin MeshPainting
LogPluginManager: Mounting plugin TcpMessaging
LogPluginManager: Mounting plugin UdpMessaging
LogPluginManager: Mounting plugin ActorSequence
LogPluginManager: Mounting plugin LevelSequenceEditor
LogPluginManager: Mounting plugin MatineeToLevelSequence
LogPluginManager: Mounting plugin MovieRenderPipeline
LogPluginManager: Mounting plugin TemplateSequence
LogPluginManager: Mounting plugin NetcodeUnitTest
LogPluginManager: Mounting plugin NUTUnrealEngine4
LogPluginManager: Mounting plugin OnlineSubsystemGooglePlay
LogPluginManager: Mounting plugin OnlineSubsystemIOS
LogPluginManager: Mounting plugin OnlineSubsystem
LogPluginManager: Mounting plugin OnlineSubsystemNull
LogPluginManager: Mounting plugin OnlineSubsystemUtils
LogPluginManager: Mounting plugin LauncherChunkInstaller
LogPluginManager: Mounting plugin AndroidDeviceProfileSelector
LogPluginManager: Mounting plugin AndroidMoviePlayer
LogPluginManager: Mounting plugin AndroidPermission
LogPluginManager: Mounting plugin AppleImageUtils
LogPluginManager: Mounting plugin AppleMoviePlayer
LogPluginManager: Mounting plugin ArchVisCharacter
LogPluginManager: Mounting plugin AssetTags
LogPluginManager: Mounting plugin AudioCapture
LogPluginManager: Mounting plugin CableComponent
LogPluginManager: Mounting plugin CustomMeshComponent
LogPluginManager: Mounting plugin EditableMesh
LogPluginManager: Mounting plugin ExampleDeviceProfileSelector
LogPluginManager: Mounting plugin GoogleCloudMessaging
LogPluginManager: Mounting plugin GooglePAD
LogPluginManager: Mounting plugin IOSDeviceProfileSelector
LogPluginManager: Mounting plugin LinuxDeviceProfileSelector
LogPluginManager: Mounting plugin LocationServicesBPLibrary
LogPluginManager: Mounting plugin MobilePatchingUtils
LogPluginManager: Mounting plugin OculusVR
LogPluginManager: Mounting plugin PhysXVehicles
LogPluginManager: Mounting plugin PostSplashScreen
LogPluginManager: Mounting plugin ProceduralMeshComponent
LogPluginManager: Mounting plugin RuntimePhysXCooking
LogPluginManager: Mounting plugin SignificanceManager
LogPluginManager: Mounting plugin SoundFields
LogPluginManager: Mounting plugin SteamVR
LogPluginManager: Mounting plugin Synthesis
LogPluginManager: Mounting plugin WebMMoviePlayer
LogPluginManager: Mounting plugin WindowsMoviePlayer
LogPluginManager: Mounting plugin ScreenshotTools
LogInit: Using libcurl 7.55.1-DEV
LogInit:  - built for x86_64-pc-win32
LogInit:  - supports SSL with OpenSSL/1.1.1
LogInit:  - supports HTTP deflate (compression) using libz 1.2.8
LogInit:  - other features:
LogInit:      CURL_VERSION_SSL
LogInit:      CURL_VERSION_LIBZ
LogInit:      CURL_VERSION_IPV6
LogInit:      CURL_VERSION_ASYNCHDNS
LogInit:      CURL_VERSION_LARGEFILE
LogInit:      CURL_VERSION_IDN
LogInit:  CurlRequestOptions (configurable via config and command line):
LogInit:  - bVerifyPeer = true  - Libcurl will verify peer certificate
LogInit:  - bUseHttpProxy = false  - Libcurl will NOT use HTTP proxy
LogInit:  - bDontReuseConnections = false  - Libcurl will reuse connections
LogInit:  - MaxHostConnections = 16  - Libcurl will limit the number of connections to a host
LogInit:  - LocalHostAddr = Default
LogInit:  - BufferSize = 65536
LogOnline: OSS: Creating online subsystem instance for: NULL
LogInit: WinSock: version 1.1 (2.2), MaxSocks=32767, MaxUdp=65467
LogOnline: OSS: TryLoadSubsystemAndSetDefault: Loaded subsystem for module [NULL]
LogInit: Build: ++UE4+Release-4.25-CL-13942748
LogInit: Engine Version: 4.25.3-13942748+++UE4+Release-4.25
LogInit: Compatible Engine Version: 4.25.0-13144385+++UE4+Release-4.25
LogInit: Net CL: 13144385
LogInit: OS: Windows 10 (Release 1903) (), CPU: Intel(R) Core(TM) i5-4690K CPU @ 3.50GHz, GPU: AMD Radeon R9 200 Series
LogInit: Compiled (64-bit): Jul 25 2020 02:07:48
LogInit: Compiled with Visual C++: 19.24.28315.00
LogInit: Build Configuration: Development
LogInit: Branch Name: ++UE4+Release-4.25
LogInit: Command Line:  /Game/ThirdPersonBP/Maps/ThirdPersonExampleMap -game -PIEVIACONSOLE -Multiprocess "GameUserSettingsINI=E:/Game prodjects/KevFishingPrototype/KevFishPrototype/Saved/Config/Windows/PIEGameUserSettings0.ini" -MultiprocessSaveConfig -MultiprocessOSS -messaging -SessionName="Play in Standalone Game" -windowed -ResX=1280 -ResY=720
LogInit: Base Directory: E:/Work/UE_4.25/Engine/Binaries/Win64/
LogInit: Allocator: TBB
LogInit: Installed Engine Build: 1
LogDevObjectVersion: Number of dev versions registered: 26
LogDevObjectVersion:   Dev-Blueprints (B0D832E4-1F89-4F0D-ACCF-7EB736FD4AA2): 10
LogDevObjectVersion:   Dev-Build (E1C64328-A22C-4D53-A36C-8E866417BD8C): 0
LogDevObjectVersion:   Dev-Core (375EC13C-06E4-48FB-B500-84F0262A717E): 4
LogDevObjectVersion:   Dev-Editor (E4B068ED-F494-42E9-A231-DA0B2E46BB41): 38
LogDevObjectVersion:   Dev-Framework (CFFC743F-43B0-4480-9391-14DF171D2073): 37
LogDevObjectVersion:   Dev-Mobile (B02B49B5-BB20-44E9-A304-32B752E40360): 2
LogDevObjectVersion:   Dev-Networking (A4E4105C-59A1-49B5-A7C5-40C4547EDFEE): 0
LogDevObjectVersion:   Dev-Online (39C831C9-5AE6-47DC-9A44-9C173E1C8E7C): 0
LogDevObjectVersion:   Dev-Physics (78F01B33-EBEA-4F98-B9B4-84EACCB95AA2): 4
LogDevObjectVersion:   Dev-Platform (6631380F-2D4D-43E0-8009-CF276956A95A): 0
LogDevObjectVersion:   Dev-Rendering (12F88B9F-8875-4AFC-A67C-D90C383ABD29): 43
LogDevObjectVersion:   Dev-Sequencer (7B5AE74C-D270-4C10-A958-57980B212A5A): 12
LogDevObjectVersion:   Dev-VR (D7296918-1DD6-4BDD-9DE2-64A83CC13884): 3
LogDevObjectVersion:   Dev-LoadTimes (C2A15278-BFE7-4AFE-6C17-90FF531DF755): 1
LogDevObjectVersion:   Private-Geometry (6EACA3D4-40EC-4CC1-B786-8BED09428FC5): 3
LogDevObjectVersion:   Dev-AnimPhys (29E575DD-E0A3-4627-9D10-D276232CDCEA): 17
LogDevObjectVersion:   Dev-Anim (AF43A65D-7FD3-4947-9873-3E8ED9C1BB05): 7
LogDevObjectVersion:   Dev-ReflectionCapture (6B266CEC-1EC7-4B8F-A30B-E4D90942FC07): 1
LogDevObjectVersion:   Dev-Automation (0DF73D61-A23F-47EA-B727-89E90C41499A): 1
LogDevObjectVersion:   FortniteMain (601D1886-AC64-4F84-AA16-D3DE0DEAC7D6): 31
LogDevObjectVersion:   Dev-Enterprise (9DFFBCD6-494F-0158-E221-12823C92A888): 10
LogDevObjectVersion:   Dev-Niagara (F2AED0AC-9AFE-416F-8664-AA7FFA26D6FC): 1
LogDevObjectVersion:   Dev-Destruction (174F1F0B-B4C6-45A5-B13F-2EE8D0FB917D): 10
LogDevObjectVersion:   Dev-Physics-Ext (35F94A83-E258-406C-A318-09F59610247C): 37
LogDevObjectVersion:   Dev-PhysicsMaterial-Chaos (B68FC16E-8B1B-42E2-B453-215C058844FE): 1
LogDevObjectVersion:   Dev-CineCamera (B2E18506-4273-CFC2-A54E-F4BB758BBA07): 1
LogInit: Presizing for max 25165824 objects, including 0 objects not considered by GC, pre-allocating 0 bytes for permanent pool.
LogConfig: Applying CVar settings from Section [/Script/Engine.StreamingSettings] File [E:/Game prodjects/KevFishingPrototype/KevFishPrototype/Saved/Config/Windows/Engine.ini]
LogConfig: Setting CVar [[s.MinBulkDataSizeForAsyncLoading:131072]]
LogConfig: Setting CVar [[s.AsyncLoadingThreadEnabled:0]]
LogConfig: Setting CVar [[s.EventDrivenLoaderEnabled:1]]
LogConfig: Setting CVar [[s.WarnIfTimeLimitExceeded:0]]
LogConfig: Setting CVar [[s.TimeLimitExceededMultiplier:1.5]]
LogConfig: Setting CVar [[s.TimeLimitExceededMinTime:0.005]]
LogConfig: Setting CVar [[s.UseBackgroundLevelStreaming:1]]
LogConfig: Setting CVar [[s.PriorityAsyncLoadingExtraTime:15.0]]
LogConfig: Setting CVar [[s.LevelStreamingActorsUpdateTimeLimit:5.0]]
LogConfig: Setting CVar [[s.PriorityLevelStreamingActorsUpdateExtraTime:5.0]]
LogConfig: Setting CVar [[s.LevelStreamingComponentsRegistrationGranularity:10]]
LogConfig: Setting CVar [[s.UnregisterComponentsTimeLimit:1.0]]
LogConfig: Setting CVar [[s.LevelStreamingComponentsUnregistrationGranularity:5]]
LogConfig: Setting CVar [[s.FlushStreamingOnExit:1]]
LogInit: Object subsystem initialized
LogConfig: Setting CVar [[con.DebugEarlyDefault:1]]
LogConfig: Setting CVar [[r.setres:1280x720]]
[2020.08.12-17.50.24:641][  0]LogConfig: Setting CVar [[con.DebugEarlyDefault:1]]
[2020.08.12-17.50.24:641][  0]LogConfig: Setting CVar [[r.setres:1280x720]]
[2020.08.12-17.50.24:641][  0]LogConfig: Applying CVar settings from Section [/Script/Engine.RendererSettings] File [E:/Game prodjects/KevFishingPrototype/KevFishPrototype/Saved/Config/Windows/Engine.ini]
[2020.08.12-17.50.24:641][  0]LogConfig: Setting CVar [[r.GPUCrashDebugging:0]]
[2020.08.12-17.50.24:641][  0]LogConfig: Applying CVar settings from Section [/Script/Engine.RendererOverrideSettings] File [E:/Game prodjects/KevFishingPrototype/KevFishPrototype/Saved/Config/Windows/Engine.ini]
[2020.08.12-17.50.24:641][  0]LogConfig: Applying CVar settings from Section [/Script/Engine.StreamingSettings] File [E:/Game prodjects/KevFishingPrototype/KevFishPrototype/Saved/Config/Windows/Engine.ini]
[2020.08.12-17.50.24:641][  0]LogConfig: Setting CVar [[s.MinBulkDataSizeForAsyncLoading:131072]]
[2020.08.12-17.50.24:641][  0]LogConfig: Setting CVar [[s.AsyncLoadingThreadEnabled:0]]
[2020.08.12-17.50.24:641][  0]LogConfig: Setting CVar [[s.EventDrivenLoaderEnabled:1]]
[2020.08.12-17.50.24:642][  0]LogConfig: Setting CVar [[s.WarnIfTimeLimitExceeded:0]]
[2020.08.12-17.50.24:642][  0]LogConfig: Setting CVar [[s.TimeLimitExceededMultiplier:1.5]]
[2020.08.12-17.50.24:642][  0]LogConfig: Setting CVar [[s.TimeLimitExceededMinTime:0.005]]
[2020.08.12-17.50.24:642][  0]LogConfig: Setting CVar [[s.UseBackgroundLevelStreaming:1]]
[2020.08.12-17.50.24:642][  0]LogConfig: Setting CVar [[s.PriorityAsyncLoadingExtraTime:15.0]]
[2020.08.12-17.50.24:642][  0]LogConfig: Setting CVar [[s.LevelStreamingActorsUpdateTimeLimit:5.0]]
[2020.08.12-17.50.24:642][  0]LogConfig: Setting CVar [[s.PriorityLevelStreamingActorsUpdateExtraTime:5.0]]
[2020.08.12-17.50.24:642][  0]LogConfig: Setting CVar [[s.LevelStreamingComponentsRegistrationGranularity:10]]
[2020.08.12-17.50.24:642][  0]LogConfig: Setting CVar [[s.UnregisterComponentsTimeLimit:1.0]]
[2020.08.12-17.50.24:642][  0]LogConfig: Setting CVar [[s.LevelStreamingComponentsUnregistrationGranularity:5]]
[2020.08.12-17.50.24:642][  0]LogConfig: Setting CVar [[s.FlushStreamingOnExit:1]]
[2020.08.12-17.50.24:642][  0]LogConfig: Applying CVar settings from Section [/Script/Engine.GarbageCollectionSettings] File [E:/Game prodjects/KevFishingPrototype/KevFishPrototype/Saved/Config/Windows/Engine.ini]
[2020.08.12-17.50.24:642][  0]LogConfig: Setting CVar [[gc.MaxObjectsNotConsideredByGC:1]]
[2020.08.12-17.50.24:642][  0]LogConfig: Setting CVar [[gc.SizeOfPermanentObjectPool:0]]
[2020.08.12-17.50.24:642][  0]LogConfig: Setting CVar [[gc.FlushStreamingOnGC:0]]
[2020.08.12-17.50.24:642][  0]LogConfig: Setting CVar [[gc.NumRetriesBeforeForcingGC:10]]
[2020.08.12-17.50.24:642][  0]LogConfig: Setting CVar [[gc.AllowParallelGC:1]]
[2020.08.12-17.50.24:642][  0]LogConfig: Setting CVar [[gc.TimeBetweenPurgingPendingKillObjects:61.1]]
[2020.08.12-17.50.24:642][  0]LogConfig: Setting CVar [[gc.MaxObjectsInEditor:25165824]]
[2020.08.12-17.50.24:642][  0]LogConfig: Setting CVar [[gc.IncrementalBeginDestroyEnabled:1]]
[2020.08.12-17.50.24:642][  0]LogConfig: Setting CVar [[gc.CreateGCClusters:1]]
[2020.08.12-17.50.24:642][  0]LogConfig: Setting CVar [[gc.MinGCClusterSize:5]]
[2020.08.12-17.50.24:642][  0]LogConfig: Setting CVar [[gc.ActorClusteringEnabled:0]]
[2020.08.12-17.50.24:642][  0]LogConfig: Setting CVar [[gc.BlueprintClusteringEnabled:0]]
[2020.08.12-17.50.24:642][  0]LogConfig: Setting CVar [[gc.UseDisregardForGCOnDedicatedServers:0]]
[2020.08.12-17.50.24:642][  0]LogConfig: Applying CVar settings from Section [/Script/Engine.NetworkSettings] File [E:/Game prodjects/KevFishingPrototype/KevFishPrototype/Saved/Config/Windows/Engine.ini]
[2020.08.12-17.50.24:642][  0]LogConfig: Applying CVar settings from Section [/Script/UnrealEd.CookerSettings] File [E:/Game prodjects/KevFishingPrototype/KevFishPrototype/Saved/Config/Windows/Engine.ini]
[2020.08.12-17.50.24:649][  0]LogConfig: Applying CVar settings from Section [ViewDistanceQuality@3] File [E:/Game prodjects/KevFishingPrototype/KevFishPrototype/Saved/Config/Windows/Scalability.ini]
[2020.08.12-17.50.24:649][  0]LogConfig: Setting CVar [[r.SkeletalMeshLODBias:0]]
[2020.08.12-17.50.24:649][  0]LogConfig: Setting CVar [[r.ViewDistanceScale:1.0]]
[2020.08.12-17.50.24:649][  0]LogConfig: Applying CVar settings from Section [AntiAliasingQuality@3] File [E:/Game prodjects/KevFishingPrototype/KevFishPrototype/Saved/Config/Windows/Scalability.ini]
[2020.08.12-17.50.24:649][  0]LogConfig: Setting CVar [[r.PostProcessAAQuality:4]]
[2020.08.12-17.50.24:649][  0]LogConfig: Applying CVar settings from Section [ShadowQuality@3] File [E:/Game prodjects/KevFishingPrototype/KevFishPrototype/Saved/Config/Windows/Scalability.ini]
[2020.08.12-17.50.24:649][  0]LogConfig: Setting CVar [[r.LightFunctionQuality:1]]
[2020.08.12-17.50.24:649][  0]LogConfig: Setting CVar [[r.ShadowQuality:5]]
[2020.08.12-17.50.24:649][  0]LogConfig: Setting CVar [[r.Shadow.CSM.MaxCascades:10]]
[2020.08.12-17.50.24:649][  0]LogConfig: Setting CVar [[r.Shadow.MaxResolution:2048]]
[2020.08.12-17.50.24:649][  0]LogConfig: Setting CVar [[r.Shadow.MaxCSMResolution:2048]]
[2020.08.12-17.50.24:649][  0]LogConfig: Setting CVar [[r.Shadow.RadiusThreshold:0.01]]
[2020.08.12-17.50.24:649][  0]LogConfig: Setting CVar [[r.Shadow.DistanceScale:1.0]]
[2020.08.12-17.50.24:649][  0]LogConfig: Setting CVar [[r.Shadow.CSM.TransitionScale:1.0]]
[2020.08.12-17.50.24:649][  0]LogConfig: Setting CVar [[r.Shadow.PreShadowResolutionFactor:1.0]]
[2020.08.12-17.50.24:649][  0]LogConfig: Setting CVar [[r.DistanceFieldShadowing:1]]
[2020.08.12-17.50.24:649][  0]LogConfig: Setting CVar [[r.DistanceFieldAO:1]]
[2020.08.12-17.50.24:649][  0]LogConfig: Setting CVar [[r.AOQuality:2]]
[2020.08.12-17.50.24:649][  0]LogConfig: Setting CVar [[r.VolumetricFog:1]]
[2020.08.12-17.50.24:649][  0]LogConfig: Setting CVar [[r.VolumetricFog.GridPixelSize:8]]
[2020.08.12-17.50.24:649][  0]LogConfig: Setting CVar [[r.VolumetricFog.GridSizeZ:128]]
[2020.08.12-17.50.24:649][  0]LogConfig: Setting CVar [[r.VolumetricFog.HistoryMissSupersampleCount:4]]
[2020.08.12-17.50.24:649][  0]LogConfig: Setting CVar [[r.LightMaxDrawDistanceScale:1]]
[2020.08.12-17.50.24:649][  0]LogConfig: Setting CVar [[r.CapsuleShadows:1]]
[2020.08.12-17.50.24:649][  0]LogConfig: Applying CVar settings from Section [PostProcessQuality@3] File [E:/Game prodjects/KevFishingPrototype/KevFishPrototype/Saved/Config/Windows/Scalability.ini]
[2020.08.12-17.50.24:649][  0]LogConfig: Setting CVar [[r.MotionBlurQuality:4]]
[2020.08.12-17.50.24:649][  0]LogConfig: Setting CVar [[r.AmbientOcclusionMipLevelFactor:0.4]]
[2020.08.12-17.50.24:649][  0]LogConfig: Setting CVar [[r.AmbientOcclusionMaxQuality:100]]
[2020.08.12-17.50.24:649][  0]LogConfig: Setting CVar [[r.AmbientOcclusionLevels:-1]]
[2020.08.12-17.50.24:649][  0]LogConfig: Setting CVar [[r.AmbientOcclusionRadiusScale:1.0]]
[2020.08.12-17.50.24:649][  0]LogConfig: Setting CVar [[r.DepthOfFieldQuality:2]]
[2020.08.12-17.50.24:649][  0]LogConfig: Setting CVar [[r.RenderTargetPoolMin:400]]
[2020.08.12-17.50.24:649][  0]LogConfig: Setting CVar [[r.LensFlareQuality:2]]
[2020.08.12-17.50.24:649][  0]LogConfig: Setting CVar [[r.SceneColorFringeQuality:1]]
[2020.08.12-17.50.24:649][  0]LogConfig: Setting CVar [[r.EyeAdaptationQuality:2]]
[2020.08.12-17.50.24:649][  0]LogConfig: Setting CVar [[r.BloomQuality:5]]
[2020.08.12-17.50.24:649][  0]LogConfig: Setting CVar [[r.FastBlurThreshold:100]]
[2020.08.12-17.50.24:649][  0]LogConfig: Setting CVar [[r.Upscale.Quality:3]]
[2020.08.12-17.50.24:649][  0]LogConfig: Setting CVar [[r.Tonemapper.GrainQuantization:1]]
[2020.08.12-17.50.24:649][  0]LogConfig: Setting CVar [[r.LightShaftQuality:1]]
[2020.08.12-17.50.24:649][  0]LogConfig: Setting CVar [[r.Filter.SizeScale:1]]
[2020.08.12-17.50.24:649][  0]LogConfig: Setting CVar [[r.Tonemapper.Quality:5]]
[2020.08.12-17.50.24:649][  0]LogConfig: Setting CVar [[r.DOF.Gather.AccumulatorQuality:1        ; higher gathering accumulator quality]]
[2020.08.12-17.50.24:649][  0]LogConfig: Setting CVar [[r.DOF.Gather.PostfilterMethod:1          ; Median3x3 postfilering method]]
[2020.08.12-17.50.24:649][  0]LogConfig: Setting CVar [[r.DOF.Gather.EnableBokehSettings:0       ; no bokeh simulation when gathering]]
[2020.08.12-17.50.24:649][  0]LogConfig: Setting CVar [[r.DOF.Gather.RingCount:4                 ; medium number of samples when gathering]]
[2020.08.12-17.50.24:649][  0]LogConfig: Setting CVar [[r.DOF.Scatter.ForegroundCompositing:1    ; additive foreground scattering]]
[2020.08.12-17.50.24:649][  0]LogConfig: Setting CVar [[r.DOF.Scatter.BackgroundCompositing:2    ; additive background scattering]]
[2020.08.12-17.50.24:649][  0]LogConfig: Setting CVar [[r.DOF.Scatter.EnableBokehSettings:1      ; bokeh simulation when scattering]]
[2020.08.12-17.50.24:649][  0]LogConfig: Setting CVar [[r.DOF.Scatter.MaxSpriteRatio:0.1         ; only a maximum of 10% of scattered bokeh]]
[2020.08.12-17.50.24:649][  0]LogConfig: Setting CVar [[r.DOF.Recombine.Quality:1                ; cheap slight out of focus]]
[2020.08.12-17.50.24:649][  0]LogConfig: Setting CVar [[r.DOF.Recombine.EnableBokehSettings:0    ; no bokeh simulation on slight out of focus]]
[2020.08.12-17.50.24:649][  0]LogConfig: Setting CVar [[r.DOF.TemporalAAQuality:1                ; more stable temporal accumulation]]
[2020.08.12-17.50.24:649][  0]LogConfig: Setting CVar [[r.DOF.Kernel.MaxForegroundRadius:0.025]]
[2020.08.12-17.50.24:649][  0]LogConfig: Setting CVar [[r.DOF.Kernel.MaxBackgroundRadius:0.025]]
[2020.08.12-17.50.24:649][  0]LogConfig: Applying CVar settings from Section [TextureQuality@3] File [E:/Game prodjects/KevFishingPrototype/KevFishPrototype/Saved/Config/Windows/Scalability.ini]
[2020.08.12-17.50.24:649][  0]LogConfig: Setting CVar [[r.Streaming.MipBias:0]]
[2020.08.12-17.50.24:649][  0]LogConfig: Setting CVar [[r.Streaming.AmortizeCPUToGPUCopy:0]]
[2020.08.12-17.50.24:649][  0]LogConfig: Setting CVar [[r.Streaming.MaxNumTexturesToStreamPerFrame:0]]
[2020.08.12-17.50.24:649][  0]LogConfig: Setting CVar [[r.Streaming.Boost:1]]
[2020.08.12-17.50.24:650][  0]LogConfig: Setting CVar [[r.MaxAnisotropy:8]]
[2020.08.12-17.50.24:650][  0]LogConfig: Setting CVar [[r.VT.MaxAnisotropy:8]]
[2020.08.12-17.50.24:650][  0]LogConfig: Setting CVar [[r.Streaming.LimitPoolSizeToVRAM:0]]
[2020.08.12-17.50.24:650][  0]LogConfig: Setting CVar [[r.Streaming.PoolSize:1000]]
[2020.08.12-17.50.24:650][  0]LogConfig: Setting CVar [[r.Streaming.MaxEffectiveScreenSize:0]]
[2020.08.12-17.50.24:650][  0]LogConfig: Applying CVar settings from Section [EffectsQuality@3] File [E:/Game prodjects/KevFishingPrototype/KevFishPrototype/Saved/Config/Windows/Scalability.ini]
[2020.08.12-17.50.24:650][  0]LogConfig: Setting CVar [[r.TranslucencyLightingVolumeDim:64]]
[2020.08.12-17.50.24:650][  0]LogConfig: Setting CVar [[r.RefractionQuality:2]]
[2020.08.12-17.50.24:650][  0]LogConfig: Setting CVar [[r.SSR.Quality:3]]
[2020.08.12-17.50.24:650][  0]LogConfig: Setting CVar [[r.SSR.HalfResSceneColor:0]]
[2020.08.12-17.50.24:650][  0]LogConfig: Setting CVar [[r.SceneColorFormat:4]]
[2020.08.12-17.50.24:650][  0]LogConfig: Setting CVar [[r.DetailMode:2]]
[2020.08.12-17.50.24:650][  0]LogConfig: Setting CVar [[r.TranslucencyVolumeBlur:1]]
[2020.08.12-17.50.24:650][  0]LogConfig: Setting CVar [[r.MaterialQualityLevel:1 ; High quality]]
[2020.08.12-17.50.24:650][  0]LogConfig: Setting CVar [[r.SSS.Scale:1]]
[2020.08.12-17.50.24:650][  0]LogConfig: Setting CVar [[r.SSS.SampleSet:2]]
[2020.08.12-17.50.24:650][  0]LogConfig: Setting CVar [[r.SSS.Quality:1]]
[2020.08.12-17.50.24:650][  0]LogConfig: Setting CVar [[r.SSS.HalfRes:0]]
[2020.08.12-17.50.24:650][  0]LogConfig: Setting CVar [[r.SSGI.Quality:3]]
[2020.08.12-17.50.24:650][  0]LogConfig: Setting CVar [[r.EmitterSpawnRateScale:1.0]]
[2020.08.12-17.50.24:650][  0]LogConfig: Setting CVar [[r.ParticleLightQuality:2]]
[2020.08.12-17.50.24:650][  0]LogConfig: Setting CVar [[r.SkyAtmosphere.AerialPerspectiveLUT.FastApplyOnOpaque:1 ; Always have FastSkyLUT 1 in this case to avoid wrong sky]]
[2020.08.12-17.50.24:650][  0]LogConfig: Setting CVar [[r.SkyAtmosphere.AerialPerspectiveLUT.SampleCountPerSlice:1]]
[2020.08.12-17.50.24:650][  0]LogConfig: Setting CVar [[r.SkyAtmosphere.AerialPerspectiveLUT.DepthResolution:16.0]]
[2020.08.12-17.50.24:650][  0]LogConfig: Setting CVar [[r.SkyAtmosphere.FastSkyLUT:1]]
[2020.08.12-17.50.24:650][  0]LogConfig: Setting CVar [[r.SkyAtmosphere.FastSkyLUT.SampleCountMin:4.0]]
[2020.08.12-17.50.24:650][  0]LogConfig: Setting CVar [[r.SkyAtmosphere.FastSkyLUT.SampleCountMax:32.0]]
[2020.08.12-17.50.24:650][  0]LogConfig: Setting CVar [[r.SkyAtmosphere.SampleCountMin:4.0]]
[2020.08.12-17.50.24:650][  0]LogConfig: Setting CVar [[r.SkyAtmosphere.SampleCountMax:32.0]]
[2020.08.12-17.50.24:650][  0]LogConfig: Setting CVar [[r.SkyAtmosphere.TransmittanceLUT.UseSmallFormat:0]]
[2020.08.12-17.50.24:650][  0]LogConfig: Setting CVar [[r.SkyAtmosphere.TransmittanceLUT.SampleCount:10.0]]
[2020.08.12-17.50.24:650][  0]LogConfig: Setting CVar [[r.SkyAtmosphere.MultiScatteringLUT.SampleCount:15.0]]
[2020.08.12-17.50.24:650][  0]LogConfig: Applying CVar settings from Section [FoliageQuality@3] File [E:/Game prodjects/KevFishingPrototype/KevFishPrototype/Saved/Config/Windows/Scalability.ini]
[2020.08.12-17.50.24:650][  0]LogConfig: Setting CVar [[foliage.DensityScale:1.0]]
[2020.08.12-17.50.24:650][  0]LogConfig: Setting CVar [[grass.DensityScale:1.0]]
[2020.08.12-17.50.24:650][  0]LogConfig: Applying CVar settings from Section [ShadingQuality@3] File [E:/Game prodjects/KevFishingPrototype/KevFishPrototype/Saved/Config/Windows/Scalability.ini]
[2020.08.12-17.50.24:650][  0]LogConfig: Setting CVar [[r.HairStrands.SkyLighting.SampleCount:16]]
[2020.08.12-17.50.24:650][  0]LogConfig: Setting CVar [[r.HairStrands.SkyLighting.JitterIntegration:0]]
[2020.08.12-17.50.24:650][  0]LogConfig: Setting CVar [[r.HairStrands.SkyAO.SampleCount:16]]
[2020.08.12-17.50.24:650][  0]LogConfig: Setting CVar [[r.HairStrands.DeepShadow.SuperSampling:0]]
[2020.08.12-17.50.24:650][  0]LogConfig: Setting CVar [[r.HairStrands.VisibilityPPLL:0]]
[2020.08.12-17.50.24:650][  0]LogConfig: Setting CVar [[r.HairStrands.RasterizationScale:0.5]]
[2020.08.12-17.50.24:650][  0]LogConfig: Setting CVar [[r.HairStrands.VelocityRasterizationScale:1]]
[2020.08.12-17.50.24:650][  0]LogInit: Selected Device Profile: [Windows]
[2020.08.12-17.50.24:650][  0]LogInit: Applying CVar settings loaded from the selected device profile: [Windows]
[2020.08.12-17.50.24:650][  0]LogHAL: Display: Platform has ~ 16 GB [17126019072 / 17179869184 / 16], which maps to Larger [LargestMinGB=32, LargerMinGB=12, DefaultMinGB=8, SmallerMinGB=6, SmallestMinGB=0)
[2020.08.12-17.50.24:650][  0]LogInit: Going up to parent DeviceProfile []
[2020.08.12-17.50.24:650][  0]LogConfig: Applying CVar settings from Section [ViewDistanceQuality@3] File [E:/Game prodjects/KevFishingPrototype/KevFishPrototype/Saved/Config/Windows/Scalability.ini]
[2020.08.12-17.50.24:650][  0]LogConfig: Setting CVar [[r.SkeletalMeshLODBias:0]]
[2020.08.12-17.50.24:650][  0]LogConfig: Setting CVar [[r.ViewDistanceScale:1.0]]
[2020.08.12-17.50.24:650][  0]LogConfig: Applying CVar settings from Section [AntiAliasingQuality@3] File [E:/Game prodjects/KevFishingPrototype/KevFishPrototype/Saved/Config/Windows/Scalability.ini]
[2020.08.12-17.50.24:650][  0]LogConfig: Setting CVar [[r.PostProcessAAQuality:4]]
[2020.08.12-17.50.24:650][  0]LogConfig: Applying CVar settings from Section [ShadowQuality@3] File [E:/Game prodjects/KevFishingPrototype/KevFishPrototype/Saved/Config/Windows/Scalability.ini]
[2020.08.12-17.50.24:650][  0]LogConfig: Setting CVar [[r.LightFunctionQuality:1]]
[2020.08.12-17.50.24:650][  0]LogConfig: Setting CVar [[r.ShadowQuality:5]]
[2020.08.12-17.50.24:650][  0]LogConfig: Setting CVar [[r.Shadow.CSM.MaxCascades:10]]
[2020.08.12-17.50.24:650][  0]LogConfig: Setting CVar [[r.Shadow.MaxResolution:2048]]
[2020.08.12-17.50.24:650][  0]LogConfig: Setting CVar [[r.Shadow.MaxCSMResolution:2048]]
[2020.08.12-17.50.24:650][  0]LogConfig: Setting CVar [[r.Shadow.RadiusThreshold:0.01]]
[2020.08.12-17.50.24:650][  0]LogConfig: Setting CVar [[r.Shadow.DistanceScale:1.0]]
[2020.08.12-17.50.24:650][  0]LogConfig: Setting CVar [[r.Shadow.CSM.TransitionScale:1.0]]
[2020.08.12-17.50.24:650][  0]LogConfig: Setting CVar [[r.Shadow.PreShadowResolutionFactor:1.0]]
[2020.08.12-17.50.24:650][  0]LogConfig: Setting CVar [[r.DistanceFieldShadowing:1]]
[2020.08.12-17.50.24:650][  0]LogConfig: Setting CVar [[r.DistanceFieldAO:1]]
[2020.08.12-17.50.24:650][  0]LogConfig: Setting CVar [[r.AOQuality:2]]
[2020.08.12-17.50.24:650][  0]LogConfig: Setting CVar [[r.VolumetricFog:1]]
[2020.08.12-17.50.24:650][  0]LogConfig: Setting CVar [[r.VolumetricFog.GridPixelSize:8]]
[2020.08.12-17.50.24:650][  0]LogConfig: Setting CVar [[r.VolumetricFog.GridSizeZ:128]]
[2020.08.12-17.50.24:650][  0]LogConfig: Setting CVar [[r.VolumetricFog.HistoryMissSupersampleCount:4]]
[2020.08.12-17.50.24:650][  0]LogConfig: Setting CVar [[r.LightMaxDrawDistanceScale:1]]
[2020.08.12-17.50.24:650][  0]LogConfig: Setting CVar [[r.CapsuleShadows:1]]
[2020.08.12-17.50.24:650][  0]LogConfig: Applying CVar settings from Section [PostProcessQuality@3] File [E:/Game prodjects/KevFishingPrototype/KevFishPrototype/Saved/Config/Windows/Scalability.ini]
[2020.08.12-17.50.24:650][  0]LogConfig: Setting CVar [[r.MotionBlurQuality:4]]
[2020.08.12-17.50.24:650][  0]LogConfig: Setting CVar [[r.AmbientOcclusionMipLevelFactor:0.4]]
[2020.08.12-17.50.24:650][  0]LogConfig: Setting CVar [[r.AmbientOcclusionMaxQuality:100]]
[2020.08.12-17.50.24:650][  0]LogConfig: Setting CVar [[r.AmbientOcclusionLevels:-1]]
[2020.08.12-17.50.24:650][  0]LogConfig: Setting CVar [[r.AmbientOcclusionRadiusScale:1.0]]
[2020.08.12-17.50.24:650][  0]LogConfig: Setting CVar [[r.DepthOfFieldQuality:2]]
[2020.08.12-17.50.24:650][  0]LogConfig: Setting CVar [[r.RenderTargetPoolMin:400]]
[2020.08.12-17.50.24:651][  0]LogConfig: Setting CVar [[r.LensFlareQuality:2]]
[2020.08.12-17.50.24:651][  0]LogConfig: Setting CVar [[r.SceneColorFringeQuality:1]]
[2020.08.12-17.50.24:651][  0]LogConfig: Setting CVar [[r.EyeAdaptationQuality:2]]
[2020.08.12-17.50.24:651][  0]LogConfig: Setting CVar [[r.BloomQuality:5]]
[2020.08.12-17.50.24:651][  0]LogConfig: Setting CVar [[r.FastBlurThreshold:100]]
[2020.08.12-17.50.24:651][  0]LogConfig: Setting CVar [[r.Upscale.Quality:3]]
[2020.08.12-17.50.24:651][  0]LogConfig: Setting CVar [[r.Tonemapper.GrainQuantization:1]]
[2020.08.12-17.50.24:651][  0]LogConfig: Setting CVar [[r.LightShaftQuality:1]]
[2020.08.12-17.50.24:651][  0]LogConfig: Setting CVar [[r.Filter.SizeScale:1]]
[2020.08.12-17.50.24:651][  0]LogConfig: Setting CVar [[r.Tonemapper.Quality:5]]
[2020.08.12-17.50.24:651][  0]LogConfig: Setting CVar [[r.DOF.Gather.AccumulatorQuality:1        ; higher gathering accumulator quality]]
[2020.08.12-17.50.24:651][  0]LogConfig: Setting CVar [[r.DOF.Gather.PostfilterMethod:1          ; Median3x3 postfilering method]]
[2020.08.12-17.50.24:651][  0]LogConfig: Setting CVar [[r.DOF.Gather.EnableBokehSettings:0       ; no bokeh simulation when gathering]]
[2020.08.12-17.50.24:651][  0]LogConfig: Setting CVar [[r.DOF.Gather.RingCount:4                 ; medium number of samples when gathering]]
[2020.08.12-17.50.24:651][  0]LogConfig: Setting CVar [[r.DOF.Scatter.ForegroundCompositing:1    ; additive foreground scattering]]
[2020.08.12-17.50.24:651][  0]LogConfig: Setting CVar [[r.DOF.Scatter.BackgroundCompositing:2    ; additive background scattering]]
[2020.08.12-17.50.24:651][  0]LogConfig: Setting CVar [[r.DOF.Scatter.EnableBokehSettings:1      ; bokeh simulation when scattering]]
[2020.08.12-17.50.24:651][  0]LogConfig: Setting CVar [[r.DOF.Scatter.MaxSpriteRatio:0.1         ; only a maximum of 10% of scattered bokeh]]
[2020.08.12-17.50.24:651][  0]LogConfig: Setting CVar [[r.DOF.Recombine.Quality:1                ; cheap slight out of focus]]
[2020.08.12-17.50.24:651][  0]LogConfig: Setting CVar [[r.DOF.Recombine.EnableBokehSettings:0    ; no bokeh simulation on slight out of focus]]
[2020.08.12-17.50.24:651][  0]LogConfig: Setting CVar [[r.DOF.TemporalAAQuality:1                ; more stable temporal accumulation]]
[2020.08.12-17.50.24:651][  0]LogConfig: Setting CVar [[r.DOF.Kernel.MaxForegroundRadius:0.025]]
[2020.08.12-17.50.24:651][  0]LogConfig: Setting CVar [[r.DOF.Kernel.MaxBackgroundRadius:0.025]]
[2020.08.12-17.50.24:651][  0]LogConfig: Applying CVar settings from Section [TextureQuality@3] File [E:/Game prodjects/KevFishingPrototype/KevFishPrototype/Saved/Config/Windows/Scalability.ini]
[2020.08.12-17.50.24:651][  0]LogConfig: Setting CVar [[r.Streaming.MipBias:0]]
[2020.08.12-17.50.24:651][  0]LogConfig: Setting CVar [[r.Streaming.AmortizeCPUToGPUCopy:0]]
[2020.08.12-17.50.24:651][  0]LogConfig: Setting CVar [[r.Streaming.MaxNumTexturesToStreamPerFrame:0]]
[2020.08.12-17.50.24:651][  0]LogConfig: Setting CVar [[r.Streaming.Boost:1]]
[2020.08.12-17.50.24:651][  0]LogConfig: Setting CVar [[r.MaxAnisotropy:8]]
[2020.08.12-17.50.24:651][  0]LogConfig: Setting CVar [[r.VT.MaxAnisotropy:8]]
[2020.08.12-17.50.24:651][  0]LogConfig: Setting CVar [[r.Streaming.LimitPoolSizeToVRAM:0]]
[2020.08.12-17.50.24:651][  0]LogConfig: Setting CVar [[r.Streaming.PoolSize:1000]]
[2020.08.12-17.50.24:651][  0]LogConfig: Setting CVar [[r.Streaming.MaxEffectiveScreenSize:0]]
[2020.08.12-17.50.24:651][  0]LogConfig: Applying CVar settings from Section [EffectsQuality@3] File [E:/Game prodjects/KevFishingPrototype/KevFishPrototype/Saved/Config/Windows/Scalability.ini]
[2020.08.12-17.50.24:651][  0]LogConfig: Setting CVar [[r.TranslucencyLightingVolumeDim:64]]
[2020.08.12-17.50.24:651][  0]LogConfig: Setting CVar [[r.RefractionQuality:2]]
[2020.08.12-17.50.24:651][  0]LogConfig: Setting CVar [[r.SSR.Quality:3]]
[2020.08.12-17.50.24:651][  0]LogConfig: Setting CVar [[r.SSR.HalfResSceneColor:0]]
[2020.08.12-17.50.24:651][  0]LogConfig: Setting CVar [[r.SceneColorFormat:4]]
[2020.08.12-17.50.24:651][  0]LogConfig: Setting CVar [[r.DetailMode:2]]
[2020.08.12-17.50.24:651][  0]LogConfig: Setting CVar [[r.TranslucencyVolumeBlur:1]]
[2020.08.12-17.50.24:651][  0]LogConfig: Setting CVar [[r.MaterialQualityLevel:1 ; High quality]]
[2020.08.12-17.50.24:651][  0]LogConfig: Setting CVar [[r.SSS.Scale:1]]
[2020.08.12-17.50.24:651][  0]LogConfig: Setting CVar [[r.SSS.SampleSet:2]]
[2020.08.12-17.50.24:651][  0]LogConfig: Setting CVar [[r.SSS.Quality:1]]
[2020.08.12-17.50.24:651][  0]LogConfig: Setting CVar [[r.SSS.HalfRes:0]]
[2020.08.12-17.50.24:651][  0]LogConfig: Setting CVar [[r.SSGI.Quality:3]]
[2020.08.12-17.50.24:651][  0]LogConfig: Setting CVar [[r.EmitterSpawnRateScale:1.0]]
[2020.08.12-17.50.24:651][  0]LogConfig: Setting CVar [[r.ParticleLightQuality:2]]
[2020.08.12-17.50.24:651][  0]LogConfig: Setting CVar [[r.SkyAtmosphere.AerialPerspectiveLUT.FastApplyOnOpaque:1 ; Always have FastSkyLUT 1 in this case to avoid wrong sky]]
[2020.08.12-17.50.24:651][  0]LogConfig: Setting CVar [[r.SkyAtmosphere.AerialPerspectiveLUT.SampleCountPerSlice:1]]
[2020.08.12-17.50.24:651][  0]LogConfig: Setting CVar [[r.SkyAtmosphere.AerialPerspectiveLUT.DepthResolution:16.0]]
[2020.08.12-17.50.24:651][  0]LogConfig: Setting CVar [[r.SkyAtmosphere.FastSkyLUT:1]]
[2020.08.12-17.50.24:651][  0]LogConfig: Setting CVar [[r.SkyAtmosphere.FastSkyLUT.SampleCountMin:4.0]]
[2020.08.12-17.50.24:651][  0]LogConfig: Setting CVar [[r.SkyAtmosphere.FastSkyLUT.SampleCountMax:32.0]]
[2020.08.12-17.50.24:651][  0]LogConfig: Setting CVar [[r.SkyAtmosphere.SampleCountMin:4.0]]
[2020.08.12-17.50.24:651][  0]LogConfig: Setting CVar [[r.SkyAtmosphere.SampleCountMax:32.0]]
[2020.08.12-17.50.24:651][  0]LogConfig: Setting CVar [[r.SkyAtmosphere.TransmittanceLUT.UseSmallFormat:0]]
[2020.08.12-17.50.24:651][  0]LogConfig: Setting CVar [[r.SkyAtmosphere.TransmittanceLUT.SampleCount:10.0]]
[2020.08.12-17.50.24:651][  0]LogConfig: Setting CVar [[r.SkyAtmosphere.MultiScatteringLUT.SampleCount:15.0]]
[2020.08.12-17.50.24:651][  0]LogConfig: Applying CVar settings from Section [FoliageQuality@3] File [E:/Game prodjects/KevFishingPrototype/KevFishPrototype/Saved/Config/Windows/Scalability.ini]
[2020.08.12-17.50.24:651][  0]LogConfig: Setting CVar [[foliage.DensityScale:1.0]]
[2020.08.12-17.50.24:651][  0]LogConfig: Setting CVar [[grass.DensityScale:1.0]]
[2020.08.12-17.50.24:651][  0]LogConfig: Applying CVar settings from Section [ShadingQuality@3] File [E:/Game prodjects/KevFishingPrototype/KevFishPrototype/Saved/Config/Windows/Scalability.ini]
[2020.08.12-17.50.24:651][  0]LogConfig: Setting CVar [[r.HairStrands.SkyLighting.SampleCount:16]]
[2020.08.12-17.50.24:651][  0]LogConfig: Setting CVar [[r.HairStrands.SkyLighting.JitterIntegration:0]]
[2020.08.12-17.50.24:651][  0]LogConfig: Setting CVar [[r.HairStrands.SkyAO.SampleCount:16]]
[2020.08.12-17.50.24:651][  0]LogConfig: Setting CVar [[r.HairStrands.DeepShadow.SuperSampling:0]]
[2020.08.12-17.50.24:651][  0]LogConfig: Setting CVar [[r.HairStrands.VisibilityPPLL:0]]
[2020.08.12-17.50.24:651][  0]LogConfig: Setting CVar [[r.HairStrands.RasterizationScale:0.5]]
[2020.08.12-17.50.24:651][  0]LogConfig: Setting CVar [[r.HairStrands.VelocityRasterizationScale:1]]
[2020.08.12-17.50.24:651][  0]LogConfig: Applying CVar settings from Section [Startup] File [../../../Engine/Config/ConsoleVariables.ini]
[2020.08.12-17.50.24:651][  0]LogConfig: Setting CVar [[net.UseAdaptiveNetUpdateFrequency:0]]
[2020.08.12-17.50.24:651][  0]LogConfig: Setting CVar [[p.chaos.AllowCreatePhysxBodies:1]]
[2020.08.12-17.50.24:652][  0]LogConfig: Setting CVar [[fx.SkipVectorVMBackendOptimizations:1]]
[2020.08.12-17.50.24:652][  0]LogConfig: Applying CVar settings from Section [ConsoleVariables] File [E:/Game prodjects/KevFishingPrototype/KevFishPrototype/Saved/Config/Windows/Engine.ini]
[2020.08.12-17.50.24:652][  0]LogInit: Computer: DESKTOP-FGR6TAK
[2020.08.12-17.50.24:652][  0]LogInit: User: Oxido
[2020.08.12-17.50.24:652][  0]LogInit: CPU Page size=4096, Cores=4
[2020.08.12-17.50.24:652][  0]LogInit: High frequency timer resolution =10.000000 MHz
[2020.08.12-17.50.24:652][  0]LogMemory: Memory total: Physical=15.9GB (16GB approx)
[2020.08.12-17.50.24:652][  0]LogMemory: Platform Memory Stats for Windows
[2020.08.12-17.50.24:652][  0]LogMemory: Process Physical Memory: 114.08 MB used, 114.09 MB peak
[2020.08.12-17.50.24:652][  0]LogMemory: Process Virtual Memory: 95.26 MB used, 95.26 MB peak
[2020.08.12-17.50.24:652][  0]LogMemory: Physical Memory: 7330.84 MB used,  9001.80 MB free, 16332.64 MB total
[2020.08.12-17.50.24:652][  0]LogMemory: Virtual Memory: 5126.74 MB used,  134212600.00 MB free, 134217728.00 MB total
[2020.08.12-17.50.24:657][  0]LogWindows: WindowsPlatformFeatures enabled
[2020.08.12-17.50.24:681][  0]LogInit: Physics initialised using underlying interface: PhysX
[2020.08.12-17.50.24:681][  0]LogInit: Using OS detected language (en-US).
[2020.08.12-17.50.24:681][  0]LogInit: Using OS detected locale (en-GB).
[2020.08.12-17.50.24:681][  0]LogTextLocalizationManager: No specific localization for 'en-US' exists, so the 'en' localization will be used.
[2020.08.12-17.50.24:868][  0]LogSlate: New Slate User Created.  User Index 0, Is Virtual User: 0
[2020.08.12-17.50.24:868][  0]LogSlate: Slate User Registered.  User Index 0, Is Virtual User: 0
[2020.08.12-17.50.24:879][  0]LogHMD: Failed to initialize OpenVR with code 101
[2020.08.12-17.50.24:879][  0]LogD3D11RHI: D3D11 min allowed feature level: 11_0
[2020.08.12-17.50.24:880][  0]LogD3D11RHI: D3D11 max allowed feature level: 11_0
[2020.08.12-17.50.24:880][  0]LogD3D11RHI: D3D11 adapters:
[2020.08.12-17.50.24:902][  0]LogD3D11RHI:    0. 'AMD Radeon R9 200 Series' (Feature Level 11_0)
[2020.08.12-17.50.24:902][  0]LogD3D11RHI:       4072/0/8166 MB DedicatedVideo/DedicatedSystem/SharedSystem, Outputs:2, VendorId:0x1002
[2020.08.12-17.50.24:904][  0]LogD3D11RHI:    1. 'Microsoft Basic Render Driver' (Feature Level 11_0)
[2020.08.12-17.50.24:904][  0]LogD3D11RHI:       0/0/8166 MB DedicatedVideo/DedicatedSystem/SharedSystem, Outputs:0, VendorId:0x1414
[2020.08.12-17.50.24:904][  0]LogD3D11RHI: Chosen D3D11 Adapter: 0
[2020.08.12-17.50.24:909][  0]LogD3D11RHI: Creating new Direct3DDevice
[2020.08.12-17.50.24:909][  0]LogD3D11RHI:     GPU DeviceId: 0x67b1 (for the marketing name, search the web for "GPU Device Id")
[2020.08.12-17.50.24:909][  0]LogWindows: EnumDisplayDevices:
[2020.08.12-17.50.24:909][  0]LogWindows:    0. 'AMD Radeon R9 200 Series' (P:1 D:1)
[2020.08.12-17.50.24:910][  0]LogWindows:    1. 'AMD Radeon R9 200 Series' (P:0 D:1)
[2020.08.12-17.50.24:910][  0]LogWindows:    2. 'AMD Radeon R9 200 Series' (P:0 D:0)
[2020.08.12-17.50.24:910][  0]LogWindows:    3. 'AMD Radeon R9 200 Series' (P:0 D:0)
[2020.08.12-17.50.24:911][  0]LogWindows:    4. 'AMD Radeon R9 200 Series' (P:0 D:0)
[2020.08.12-17.50.24:911][  0]LogWindows:    5. 'AMD Radeon R9 200 Series' (P:0 D:0)
[2020.08.12-17.50.24:911][  0]LogWindows:    6. 'AMD Radeon R9 200 Series' (P:0 D:0)
[2020.08.12-17.50.24:911][  0]LogWindows:    7. 'AMD Radeon R9 200 Series' (P:0 D:0)
[2020.08.12-17.50.24:912][  0]LogWindows: DebugString: FoundDriverCount:8 
[2020.08.12-17.50.24:912][  0]LogD3D11RHI:     Adapter Name: AMD Radeon R9 200 Series
[2020.08.12-17.50.24:912][  0]LogD3D11RHI:   Driver Version: Adrenalin 2020 20.4.2 (internal:26.20.15029.27017, unified:26.20.15029.27017)
[2020.08.12-17.50.24:912][  0]LogD3D11RHI:      Driver Date: 5-15-2020
[2020.08.12-17.50.24:912][  0]LogRHI: Texture pool is 2422 MB (70% of 3461 MB)
[2020.08.12-17.50.24:942][  0]LogD3D11RHI: RHI has support for 64 bit atomics
[2020.08.12-17.50.24:942][  0]LogD3D11RHI: Async texture creation enabled
[2020.08.12-17.50.24:942][  0]LogD3D11RHI: Array index from any shader is supported
[2020.08.12-17.50.24:953][  0]LogD3D11RHI: GPU Timing Frequency: 27.000000 (Debug: 2 1)
[2020.08.12-17.50.25:197][  0]LogTargetPlatformManager: Display: Loaded TargetPlatform 'WindowsNoEditor'
[2020.08.12-17.50.25:201][  0]LogTargetPlatformManager: Display: Loaded TargetPlatform 'Windows'
[2020.08.12-17.50.25:208][  0]LogTargetPlatformManager: Display: Loaded TargetPlatform 'WindowsClient'
[2020.08.12-17.50.25:216][  0]LogTargetPlatformManager: Display: Loaded TargetPlatform 'WindowsServer'
[2020.08.12-17.50.25:216][  0]LogTargetPlatformManager: Display: Building Assets For Windows
[2020.08.12-17.50.25:222][  0]LogAudioDebug: Display: Lib vorbis DLL was dynamically loaded.
[2020.08.12-17.50.25:262][  0]LogShaderCompilers: Guid format shader working directory is -21 characters bigger than the processId version (../../../../../Game prodjects/KevFishingPrototype/KevFishPrototype/Intermediate/Shaders/WorkingDirectory/12696/).
[2020.08.12-17.50.25:262][  0]LogShaderCompilers: Cleaned the shader compiler working directory 'C:/Users/Oxido/AppData/Local/Temp/UnrealShaderWorkingDir/F2E8D4F946EB6A1BEDC4348BBB2F9962/'.
[2020.08.12-17.50.25:263][  0]LogXGEController: Cannot use XGE Controller as Incredibuild is not installed on this machine.
[2020.08.12-17.50.25:263][  0]LogShaderCompilers: Cannot use XGE Shader Compiler as Incredibuild is not installed on this machine.
[2020.08.12-17.50.25:263][  0]LogShaderCompilers: Display: Using Local Shader Compiler.
[2020.08.12-17.50.25:968][  0]LogDerivedDataCache: Display: Max Cache Size: 512 MB
[2020.08.12-17.50.25:996][  0]LogDerivedDataCache: Loaded boot cache 0.03s 76MB C:/Users/Oxido/AppData/Local/UnrealEngine/4.25/DerivedDataCache/Boot.ddc.
[2020.08.12-17.50.25:996][  0]LogDerivedDataCache: Display: Loaded Boot cache: C:/Users/Oxido/AppData/Local/UnrealEngine/4.25/DerivedDataCache/Boot.ddc
[2020.08.12-17.50.25:996][  0]LogDerivedDataCache: FDerivedDataBackendGraph:  Pak pak cache file ../../../../../Game prodjects/KevFishingPrototype/KevFishPrototype/DerivedDataCache/DDC.ddp not found, will not use a pak cache.
[2020.08.12-17.50.25:996][  0]LogDerivedDataCache: Unable to find inner node Pak for hierarchical cache Hierarchy.
[2020.08.12-17.50.25:996][  0]LogDerivedDataCache: FDerivedDataBackendGraph:  CompressedPak pak cache file ../../../../../Game prodjects/KevFishingPrototype/KevFishPrototype/DerivedDataCache/Compressed.ddp not found, will not use a pak cache.
[2020.08.12-17.50.25:996][  0]LogDerivedDataCache: Unable to find inner node CompressedPak for hierarchical cache Hierarchy.
[2020.08.12-17.50.26:005][  0]LogDerivedDataCache: Display: Pak cache opened for reading ../../../Engine/DerivedDataCache/Compressed.ddp.
[2020.08.12-17.50.26:006][  0]LogDerivedDataCache: FDerivedDataBackendGraph:  EnterprisePak pak cache file ../../../Enterprise/DerivedDataCache/Compressed.ddp not found, will not use a pak cache.
[2020.08.12-17.50.26:006][  0]LogDerivedDataCache: Unable to find inner node EnterprisePak for hierarchical cache Hierarchy.
[2020.08.12-17.50.26:007][  0]LogDerivedDataCache: Using Local data cache path C:/Users/Oxido/AppData/Local/UnrealEngine/Common/DerivedDataCache: Writable
[2020.08.12-17.50.26:007][  0]LogDerivedDataCache: Shared data cache path not found in *engine.ini, will not use an Shared cache.
[2020.08.12-17.50.26:007][  0]LogDerivedDataCache: Unable to find inner node Shared for hierarchical cache Hierarchy.
[2020.08.12-17.50.26:043][  0]LogSlate: Using FreeType 2.10.0
[2020.08.12-17.50.26:044][  0]LogSlate: SlateFontServices - WITH_FREETYPE: 1, WITH_HARFBUZZ: 1
[2020.08.12-17.50.26:112][  0]LogInit: Using OS detected language (en-US).
[2020.08.12-17.50.26:112][  0]LogInit: Using OS detected locale (en-GB).
[2020.08.12-17.50.26:112][  0]LogTextLocalizationManager: No localization for 'en-US' exists, so 'en' will be used for the language.
[2020.08.12-17.50.26:112][  0]LogTextLocalizationManager: No localization for 'en-GB' exists, so 'en' will be used for the locale.
[2020.08.12-17.50.26:112][  0]LogSlate: FontCache flush requested. Reason: Culture for localization was changed
[2020.08.12-17.50.26:112][  0]LogSlate: FontCache flush requested. Reason: Culture for localization was changed
[2020.08.12-17.50.26:113][  0]LogTextLocalizationManager: Compacting localization data took   0.00ms
[2020.08.12-17.50.26:116][  0]LogAssetRegistry: FAssetRegistry took 0.0014 seconds to start up
[2020.08.12-17.50.26:276][  0]LogPackageLocalizationCache: Processed 19 localized package path(s) for 1 prioritized culture(s) in 0.000563 seconds
[2020.08.12-17.50.26:315][  0]LogInit: Selected Device Profile: [Windows]
[2020.08.12-17.50.26:418][  0]LogMeshReduction: Using QuadricMeshReduction for automatic static mesh reduction
[2020.08.12-17.50.26:418][  0]LogMeshReduction: Using SimplygonMeshReduction for automatic skeletal mesh reduction
[2020.08.12-17.50.26:418][  0]LogMeshReduction: Using ProxyLODMeshReduction for automatic mesh merging
[2020.08.12-17.50.26:418][  0]LogMeshReduction: No distributed automatic mesh merging module available
[2020.08.12-17.50.26:418][  0]LogMeshMerging: No distributed automatic mesh merging module available
[2020.08.12-17.50.26:436][  0]LogNetVersion: KevFishingPrototype 1.0.0, NetCL: 13144385, EngineNetVer: 14, GameNetVer: 0 (Checksum: 1827940553)
[2020.08.12-17.50.26:710][  0]LogAISub: UAISubsystem::UAISubsystem AISubsystem (000001E9D12EFA00), frame # 0
[2020.08.12-17.50.26:710][  0]LogAISub: UAISubsystem::UAISubsystem AIPerceptionSystem (000001E9D1309580), frame # 0
[2020.08.12-17.50.26:711][  0]LogAISub: UAISubsystem::UAISubsystem EnvQueryManager (000001E9D1359800), frame # 0
[2020.08.12-17.50.26:775][  0]LogCollectionManager: Loaded 0 collections in 0.000574 seconds
[2020.08.12-17.50.26:776][  0]LogFileCache: Scanning file cache for directory 'E:/Game prodjects/KevFishingPrototype/KevFishPrototype/Saved/Collections/' took 0.00s
[2020.08.12-17.50.26:776][  0]LogFileCache: Scanning file cache for directory 'E:/Game prodjects/KevFishingPrototype/KevFishPrototype/Content/Developers/Oxido/Collections/' took 0.00s
[2020.08.12-17.50.26:776][  0]LogFileCache: Scanning file cache for directory 'E:/Game prodjects/KevFishingPrototype/KevFishPrototype/Content/Collections/' took 0.00s
[2020.08.12-17.50.26:776][  0]LogCollectionManager: Fixed up redirectors for 0 collections in 0.000003 seconds (updated 0 objects)
[2020.08.12-17.50.26:819][  0]LogMoviePlayer: Initializing movie player
[2020.08.12-17.50.26:957][  0]LogTcpMessaging: Initializing TcpMessaging bridge
[2020.08.12-17.50.26:960][  0]LogUdpMessaging: Initializing bridge on interface 0.0.0.0:0 to multicast group 230.0.0.1:6666.
[2020.08.12-17.50.26:960][  0]FUdpSocketBuilder: Failed to subscribe UdpMessageMulticastSocket to multicast group 230.0.0.1 on interface 0.0.0.0
[2020.08.12-17.50.26:960][  0]FUdpSocketBuilder: Failed to create and initialize socket UdpMessageMulticastSocket (last error: 0)
[2020.08.12-17.50.26:960][  0]LogUdpMessaging: Warning: StartTransport failed to create multicast socket on 0.0.0.0:0, joined to 230.0.0.1:6666 with TTL 1
[2020.08.12-17.50.26:993][  0]SourceControl: Source control is disabled
[2020.08.12-17.50.26:993][  0]SourceControl: Source control is disabled
[2020.08.12-17.50.26:999][  0]SourceControl: Source control is disabled
[2020.08.12-17.50.27:091][  0]LogAndroidPermission: UAndroidPermissionCallbackProxy::GetInstance
[2020.08.12-17.50.27:104][  0]LogAudioCaptureCore: Display: No Audio Capture implementations found. Audio input will be silent.
[2020.08.12-17.50.27:104][  0]LogAudioCaptureCore: Display: No Audio Capture implementations found. Audio input will be silent.
[2020.08.12-17.50.27:139][  0]LogOcInput: OculusInput pre-init called
[2020.08.12-17.50.27:151][  0]LogUObjectArray: 19064 objects as part of root set at end of initial load.
[2020.08.12-17.50.27:151][  0]LogUObjectAllocator: 5015424 out of 0 bytes used by permanent object pool.
[2020.08.12-17.50.27:151][  0]LogUObjectArray: CloseDisregardForGC: 0/0 objects in disregard for GC pool
[2020.08.12-17.50.27:186][  0]LogEngine: Initializing Engine...
[2020.08.12-17.50.27:187][  0]LogHMD: Failed to initialize OpenVR with code 101
[2020.08.12-17.50.27:187][  0]LogMagicLeap: Warning: VR disabled because ZI is not enabled.  To enable, in the editor, Edit -> Project Settings -> Plugins -> Magic Leap Plugin -> Enable Zero Iteration
[2020.08.12-17.50.27:188][  0]LogStats: UGameplayTagsManager::InitializeManager -  0.000 s
[2020.08.12-17.50.27:412][  0]LogInit: Initializing FReadOnlyCVARCache
[2020.08.12-17.50.27:415][  0]LogAudioMixer: Display: Audio Mixer Platform Settings:
[2020.08.12-17.50.27:415][  0]LogAudioMixer: Display: 	Sample Rate:						  48000
[2020.08.12-17.50.27:415][  0]LogAudioMixer: Display: 	Callback Buffer Frame Size Requested: 1024
[2020.08.12-17.50.27:415][  0]LogAudioMixer: Display: 	Callback Buffer Frame Size To Use:	  1024
[2020.08.12-17.50.27:415][  0]LogAudioMixer: Display: 	Number of buffers to queue:			  2
[2020.08.12-17.50.27:415][  0]LogAudioMixer: Display: 	Max Channels (voices):				  32
[2020.08.12-17.50.27:415][  0]LogAudioMixer: Display: 	Number of Async Source Workers:		  0
[2020.08.12-17.50.27:415][  0]LogAudio: Display: AudioDevice MaxSources: 32
[2020.08.12-17.50.27:416][  0]LogAudio: Display: Using built-in audio occlusion.
[2020.08.12-17.50.27:416][  0]LogAudioMixer: Display: Initializing audio mixer.
[2020.08.12-17.50.27:435][  0]LogAudioMixer: Display: 0: FrontLeft
[2020.08.12-17.50.27:435][  0]LogAudioMixer: Display: 1: FrontRight
[2020.08.12-17.50.27:468][  0]LogAudioMixer: Display: Using Audio Device Headphones (3- LE_WH-1000XM3 Stereo)
[2020.08.12-17.50.27:468][  0]LogAudioMixer: Display: Initializing Sound Submixes...
[2020.08.12-17.50.27:469][  0]LogAudioMixer: Display: Creating Master Submix 'MasterSubmixDefault'
[2020.08.12-17.50.27:469][  0]LogAudioMixer: Display: Creating Master Submix 'MasterReverbSubmixDefault'
[2020.08.12-17.50.27:470][  0]LogAudioMixer: Display: Creating Master Submix 'MasterEQSubmixDefault'
[2020.08.12-17.50.27:470][  0]LogInit: FAudioDevice initialized.
[2020.08.12-17.50.27:471][  0]LogNetVersion: Set ProjectVersion to 1.0.0.0. Version Checksum will be recalculated on next use.
[2020.08.12-17.50.27:471][  0]LogInit: Texture streaming: Enabled
[2020.08.12-17.50.27:515][  0]LogSlate: Updating window title bar state: overlay mode, drag disabled, window buttons hidden, title bar hidden
[2020.08.12-17.50.27:515][  0]LogInit: Display: Game Engine Initialized.
[2020.08.12-17.50.27:516][  0]LogNiagaraEditor: Warning: GEditor isn't valid! Particle reset commands will not work for Niagara components!
[2020.08.12-17.50.27:536][  0]LogInit: Display: Starting Game.
[2020.08.12-17.50.27:536][  0]LogNet: Browse: /Game/ThirdPersonBP/Maps/ThirdPersonExampleMap?Name=Player
[2020.08.12-17.50.27:536][  0]LogLoad: LoadMap: /Game/ThirdPersonBP/Maps/ThirdPersonExampleMap?Name=Player
[2020.08.12-17.50.27:536][  0]LogWorld: BeginTearingDown for /Temp/Untitled_0
[2020.08.12-17.50.27:536][  0]LogUdpMessaging: Warning: UDP messaging encountered an error. Auto repair routine started for reinitialization
[2020.08.12-17.50.27:537][  0]LogWorld: UWorld::CleanupWorld for Untitled, bSessionEnded=true, bCleanupResources=true
[2020.08.12-17.50.27:537][  0]LogSlate: InvalidateAllWidgets triggered.  All widgets were invalidated
[2020.08.12-17.50.27:547][  0]LogUObjectHash: Compacting FUObjectHashTables data took   0.66ms
[2020.08.12-17.50.27:811][  0]LogAIModule: Creating AISystem for world ThirdPersonExampleMap
[2020.08.12-17.50.27:812][  0]LogAISub: UAISubsystem::UAISubsystem EnvQueryManager (000001E9D7098C00), frame # 0
[2020.08.12-17.50.27:812][  0]LogAISub: UAISubsystem::UAISubsystem AIPerceptionSystem (000001E9D3F96480), frame # 0
[2020.08.12-17.50.27:814][  0]LogLoad: Game class is 'ThirdPersonGameMode_C'
[2020.08.12-17.50.27:821][  0]LogWorld: Bringing World /Game/ThirdPersonBP/Maps/ThirdPersonExampleMap.ThirdPersonExampleMap up for play (max tick rate 0) at 2020.08.12-19.50.27
[2020.08.12-17.50.27:821][  0]LogWorld: Bringing up level for play took: 0.007173
[2020.08.12-17.50.27:824][  0]LogLoad: Took 0.288472 seconds to LoadMap(/Game/ThirdPersonBP/Maps/ThirdPersonExampleMap)
[2020.08.12-17.50.27:879][  0]LogRenderer: Reallocating scene render targets to support 1280x720 Format 10 NumSamples 1 (Frame:1).
[2020.08.12-17.50.27:879][  0]LogLoad: (Engine Initialization) Total time: 4.27 seconds
[2020.08.12-17.50.27:879][  0]LogLoad: (Engine Initialization) Total Blueprint compile time: 0.00 seconds
[2020.08.12-17.50.27:904][  0]LogContentStreaming: Texture pool size now 1000 MB
[2020.08.12-17.50.27:906][  0]LogSlate: InvalidateAllWidgets triggered.  All widgets were invalidated
[2020.08.12-17.50.27:926][  0]LogRenderer: Reallocating scene render targets to support 128x128 Format 10 NumSamples 1 (Frame:1).
[2020.08.12-17.50.27:953][  0]LogRenderer: Reallocating scene render targets to support 1280x720 Format 10 NumSamples 1 (Frame:2).
[2020.08.12-17.50.29:082][288]FUdpSocketBuilder: Failed to subscribe UdpMessageMulticastSocket to multicast group 230.0.0.1 on interface 0.0.0.0
[2020.08.12-17.50.29:082][288]FUdpSocketBuilder: Failed to create and initialize socket UdpMessageMulticastSocket (last error: 0)
[2020.08.12-17.50.29:082][288]LogUdpMessaging: Warning: StartTransport failed to create multicast socket on 0.0.0.0:0, joined to 230.0.0.1:6666 with TTL 1
[2020.08.12-17.50.29:095][292]LogUdpMessaging: Warning: UDP messaging encountered an error. Auto repair routine started for reinitialization
[2020.08.12-17.50.31:202][888]FUdpSocketBuilder: Failed to subscribe UdpMessageMulticastSocket to multicast group 230.0.0.1 on interface 0.0.0.0
[2020.08.12-17.50.31:202][888]FUdpSocketBuilder: Failed to create and initialize socket UdpMessageMulticastSocket (last error: 0)
[2020.08.12-17.50.31:202][888]LogUdpMessaging: Warning: StartTransport failed to create multicast socket on 0.0.0.0:0, joined to 230.0.0.1:6666 with TTL 1
[2020.08.12-17.50.31:216][892]LogUdpMessaging: Warning: UDP messaging encountered an error. Auto repair routine started for reinitialization
[2020.08.12-17.50.33:322][471]FUdpSocketBuilder: Failed to subscribe UdpMessageMulticastSocket to multicast group 230.0.0.1 on interface 0.0.0.0
[2020.08.12-17.50.33:322][471]FUdpSocketBuilder: Failed to create and initialize socket UdpMessageMulticastSocket (last error: 0)
[2020.08.12-17.50.33:322][471]LogUdpMessaging: Warning: StartTransport failed to create multicast socket on 0.0.0.0:0, joined to 230.0.0.1:6666 with TTL 1
[2020.08.12-17.50.33:335][475]LogUdpMessaging: Warning: UDP messaging encountered an error. Auto repair routine started for reinitialization
[2020.08.12-17.50.34:533][777]FUdpSocketBuilder: Failed to subscribe UdpMessageMulticastSocket to multicast group 230.0.0.1 on interface 0.0.0.0
[2020.08.12-17.50.34:533][777]FUdpSocketBuilder: Failed to create and initialize socket UdpMessageMulticastSocket (last error: 0)
[2020.08.12-17.50.34:533][777]LogUdpMessaging: Warning: StartTransport failed to create multicast socket on 0.0.0.0:0, joined to 230.0.0.1:6666 with TTL 1
[2020.08.12-17.50.34:546][781]LogUdpMessaging: Warning: UDP messaging encountered an error. Auto repair routine started for reinitialization
[2020.08.12-17.50.35:747][ 84]FUdpSocketBuilder: Failed to subscribe UdpMessageMulticastSocket to multicast group 230.0.0.1 on interface 0.0.0.0
[2020.08.12-17.50.35:747][ 84]FUdpSocketBuilder: Failed to create and initialize socket UdpMessageMulticastSocket (last error: 0)
[2020.08.12-17.50.35:747][ 84]LogUdpMessaging: Warning: StartTransport failed to create multicast socket on 0.0.0.0:0, joined to 230.0.0.1:6666 with TTL 1
[2020.08.12-17.50.35:760][ 88]LogUdpMessaging: Warning: UDP messaging encountered an error. Auto repair routine started for reinitialization
[2020.08.12-17.50.37:867][681]FUdpSocketBuilder: Failed to subscribe UdpMessageMulticastSocket to multicast group 230.0.0.1 on interface 0.0.0.0
[2020.08.12-17.50.37:867][681]FUdpSocketBuilder: Failed to create and initialize socket UdpMessageMulticastSocket (last error: 0)
[2020.08.12-17.50.37:867][681]LogUdpMessaging: Warning: StartTransport failed to create multicast socket on 0.0.0.0:0, joined to 230.0.0.1:6666 with TTL 1
[2020.08.12-17.50.37:879][685]LogUdpMessaging: Warning: UDP messaging encountered an error. Auto repair routine started for reinitialization
[2020.08.12-17.50.39:079][984]FUdpSocketBuilder: Failed to subscribe UdpMessageMulticastSocket to multicast group 230.0.0.1 on interface 0.0.0.0
[2020.08.12-17.50.39:079][984]FUdpSocketBuilder: Failed to create and initialize socket UdpMessageMulticastSocket (last error: 0)
[2020.08.12-17.50.39:079][984]LogUdpMessaging: Warning: StartTransport failed to create multicast socket on 0.0.0.0:0, joined to 230.0.0.1:6666 with TTL 1
[2020.08.12-17.50.39:092][988]LogUdpMessaging: Warning: UDP messaging encountered an error. Auto repair routine started for reinitialization
[2020.08.12-17.50.40:291][279]FUdpSocketBuilder: Failed to subscribe UdpMessageMulticastSocket to multicast group 230.0.0.1 on interface 0.0.0.0
[2020.08.12-17.50.40:291][279]FUdpSocketBuilder: Failed to create and initialize socket UdpMessageMulticastSocket (last error: 0)
[2020.08.12-17.50.40:291][279]LogUdpMessaging: Warning: StartTransport failed to create multicast socket on 0.0.0.0:0, joined to 230.0.0.1:6666 with TTL 1
[2020.08.12-17.50.40:304][283]LogUdpMessaging: Warning: UDP messaging encountered an error. Auto repair routine started for reinitialization
[2020.08.12-17.50.42:412][857]FUdpSocketBuilder: Failed to subscribe UdpMessageMulticastSocket to multicast group 230.0.0.1 on interface 0.0.0.0
[2020.08.12-17.50.42:412][857]FUdpSocketBuilder: Failed to create and initialize socket UdpMessageMulticastSocket (last error: 0)
[2020.08.12-17.50.42:412][857]LogUdpMessaging: Warning: StartTransport failed to create multicast socket on 0.0.0.0:0, joined to 230.0.0.1:6666 with TTL 1
[2020.08.12-17.50.42:425][861]LogUdpMessaging: Warning: UDP messaging encountered an error. Auto repair routine started for reinitialization
[2020.08.12-17.50.44:532][432]FUdpSocketBuilder: Failed to subscribe UdpMessageMulticastSocket to multicast group 230.0.0.1 on interface 0.0.0.0
[2020.08.12-17.50.44:532][432]FUdpSocketBuilder: Failed to create and initialize socket UdpMessageMulticastSocket (last error: 0)
[2020.08.12-17.50.44:532][432]LogUdpMessaging: Warning: StartTransport failed to create multicast socket on 0.0.0.0:0, joined to 230.0.0.1:6666 with TTL 1
[2020.08.12-17.50.44:545][436]LogUdpMessaging: Warning: UDP messaging encountered an error. Auto repair routine started for reinitialization
[2020.08.12-17.50.46:649][ 25]FUdpSocketBuilder: Failed to subscribe UdpMessageMulticastSocket to multicast group 230.0.0.1 on interface 0.0.0.0
[2020.08.12-17.50.46:649][ 25]FUdpSocketBuilder: Failed to create and initialize socket UdpMessageMulticastSocket (last error: 0)
[2020.08.12-17.50.46:649][ 25]LogUdpMessaging: Warning: StartTransport failed to create multicast socket on 0.0.0.0:0, joined to 230.0.0.1:6666 with TTL 1
[2020.08.12-17.50.46:662][ 29]LogUdpMessaging: Warning: UDP messaging encountered an error. Auto repair routine started for reinitialization
[2020.08.12-17.50.48:768][624]FUdpSocketBuilder: Failed to subscribe UdpMessageMulticastSocket to multicast group 230.0.0.1 on interface 0.0.0.0
[2020.08.12-17.50.48:768][624]FUdpSocketBuilder: Failed to create and initialize socket UdpMessageMulticastSocket (last error: 0)
[2020.08.12-17.50.48:768][624]LogUdpMessaging: Warning: StartTransport failed to create multicast socket on 0.0.0.0:0, joined to 230.0.0.1:6666 with TTL 1
[2020.08.12-17.50.48:781][628]LogUdpMessaging: Warning: UDP messaging encountered an error. Auto repair routine started for reinitialization
[2020.08.12-17.50.50:889][239]FUdpSocketBuilder: Failed to subscribe UdpMessageMulticastSocket to multicast group 230.0.0.1 on interface 0.0.0.0
[2020.08.12-17.50.50:889][239]FUdpSocketBuilder: Failed to create and initialize socket UdpMessageMulticastSocket (last error: 0)
[2020.08.12-17.50.50:889][239]LogUdpMessaging: Warning: StartTransport failed to create multicast socket on 0.0.0.0:0, joined to 230.0.0.1:6666 with TTL 1
[2020.08.12-17.50.50:902][243]LogUdpMessaging: Warning: UDP messaging encountered an error. Auto repair routine started for reinitialization
[2020.08.12-17.50.52:103][543]FUdpSocketBuilder: Failed to subscribe UdpMessageMulticastSocket to multicast group 230.0.0.1 on interface 0.0.0.0
[2020.08.12-17.50.52:103][543]FUdpSocketBuilder: Failed to create and initialize socket UdpMessageMulticastSocket (last error: 0)
[2020.08.12-17.50.52:103][543]LogUdpMessaging: Warning: StartTransport failed to create multicast socket on 0.0.0.0:0, joined to 230.0.0.1:6666 with TTL 1
[2020.08.12-17.50.52:115][547]LogUdpMessaging: Warning: UDP messaging encountered an error. Auto repair routine started for reinitialization
[2020.08.12-17.50.53:740][  0]LogSlate: Window 'KevFishingPrototype (64-bit Development PCD3D_SM5) ' being destroyed
[2020.08.12-17.50.53:741][  0]LogWindowsTextInputMethodSystem: Display: IME system now deactivated.
[2020.08.12-17.50.53:742][  1]LogSlate: Updating window title bar state: overlay mode, drag disabled, window buttons hidden, title bar hidden
[2020.08.12-17.50.53:742][  1]LogEngine: All Windows Closed
[2020.08.12-17.50.53:742][  1]LogWindows: FPlatformMisc::RequestExit(0)
[2020.08.12-17.50.53:742][  1]LogCore: Engine exit requested (reason: Win RequestExit)
[2020.08.12-17.50.53:743][  2]LogCore: Engine exit requested (reason: EngineExit() was called; note: exit was already requested)
[2020.08.12-17.50.53:743][  2]LogAudio: Display: Shutting down audio device while 2 references to it are still alive. For more information, compile with INSTRUMENT_AUDIODEVICE_HANDLES.
[2020.08.12-17.50.53:787][  2]LogInit: Display: PreExit Game.
[2020.08.12-17.50.53:820][  2]LogWorld: BeginTearingDown for /Game/ThirdPersonBP/Maps/ThirdPersonExampleMap
[2020.08.12-17.50.53:820][  2]LogWorld: UWorld::CleanupWorld for ThirdPersonExampleMap, bSessionEnded=true, bCleanupResources=true
[2020.08.12-17.50.53:821][  2]LogSlate: InvalidateAllWidgets triggered.  All widgets were invalidated
[2020.08.12-17.50.54:211][  2]LogExit: Preparing to exit.
[2020.08.12-17.50.54:221][  2]LogMoviePlayer: Shutting down movie player
[2020.08.12-17.50.54:868][  2]LogSlate: Updating window title bar state: overlay mode, drag disabled, window buttons hidden, title bar hidden
[2020.08.12-17.50.54:963][  2]LogDemo: Cleaned up 0 splitscreen connections with owner deletion
